12:28:18.879 [TestNG-tests-1] INFO  TestCase.UpcomingBikeDetailsTestCase - **** Starting UpcomingBikeTest ****
12:28:18.929 [TestNG-tests-1] INFO  TestCase.UpcomingBikeDetailsTestCase - clicking on  New Bikes 
12:28:21.107 [TestNG-tests-2] INFO  TestCase.UpcomingBikeDetailsTestCase - **** Starting UpcomingBikeTest ****
12:28:21.107 [TestNG-tests-2] INFO  TestCase.UpcomingBikeDetailsTestCase - clicking on  New Bikes 
12:28:35.306 [TestNG-tests-1] INFO  TestCase.UpcomingBikeDetailsTestCase - Failed to click New Bikes
12:28:36.573 [TestNG-tests-1] INFO  TestCase.UpcomingBikeDetailsTestCase - Starting used car testcase
12:28:40.115 [TestNG-tests-1] INFO  TestCase.UpcomingBikeDetailsTestCase - Failed to click used cars in chennai
12:28:40.788 [TestNG-tests-1] INFO  TestCase.UpcomingBikeDetailsTestCase - **** Starting SignInPageTest ****
12:28:40.789 [TestNG-tests-1] INFO  TestCase.UpcomingBikeDetailsTestCase - Verifying loginPage
12:29:06.438 [TestNG-tests-2] INFO  TestCase.UpcomingBikeDetailsTestCase - Failed to click New Bikes
12:29:07.965 [TestNG-tests-2] INFO  TestCase.UpcomingBikeDetailsTestCase - Starting used car testcase
12:29:33.488 [TestNG-tests-2] INFO  TestCase.UpcomingBikeDetailsTestCase - Failed to click used cars in chennai
12:29:33.741 [TestNG-tests-2] INFO  TestCase.UpcomingBikeDetailsTestCase - **** Starting SignInPageTest ****
12:29:33.741 [TestNG-tests-2] INFO  TestCase.UpcomingBikeDetailsTestCase - Verifying loginPage
12:29:54.104 [TestNG-tests-2] INFO  TestCase.UpcomingBikeDetailsTestCase - LoginPage verification failed!!
12:30:00.388 [TestNG-tests-1] INFO  TestCase.UpcomingBikeDetailsTestCase - LoginPage verification failed!!
12:30:42.457 [main] INFO  org.testng.internal.Utils - [TestNG] Running:
  C:\Users\2308345\eclipse-workspace\IdentifyNewBikesProject\master.xml

12:31:05.611 [TestNG-tests-2] INFO  TestCase.UpcomingBikeDetailsTestCase - **** Starting UpcomingBikeTest ****
12:31:05.612 [TestNG-tests-2] INFO  TestCase.UpcomingBikeDetailsTestCase - clicking on  New Bikes 
12:31:05.613 [TestNG-tests-1] INFO  TestCase.UpcomingBikeDetailsTestCase - **** Starting UpcomingBikeTest ****
12:31:05.616 [TestNG-tests-1] INFO  TestCase.UpcomingBikeDetailsTestCase - clicking on  New Bikes 
12:31:18.149 [TestNG-tests-1] INFO  TestCase.UpcomingBikeDetailsTestCase - Failed to click New Bikes
12:31:18.854 [TestNG-tests-1] INFO  TestCase.UpcomingBikeDetailsTestCase - Starting used car testcase
12:31:23.733 [TestNG-tests-1] INFO  TestCase.UpcomingBikeDetailsTestCase - Failed to click used cars in chennai
12:31:30.049 [TestNG-tests-1] INFO  TestCase.UpcomingBikeDetailsTestCase - **** Starting SignInPageTest ****
12:31:30.050 [TestNG-tests-1] INFO  TestCase.UpcomingBikeDetailsTestCase - Verifying loginPage
12:31:56.839 [TestNG-tests-2] INFO  TestCase.UpcomingBikeDetailsTestCase - **** Finished UpcomingBikeTest ****
12:31:57.466 [TestNG-tests-2] INFO  TestCase.UpcomingBikeDetailsTestCase - Starting used car testcase
12:32:22.348 [TestNG-tests-2] INFO  TestCase.UpcomingBikeDetailsTestCase - Failed to click used cars in chennai
12:32:22.585 [TestNG-tests-2] INFO  TestCase.UpcomingBikeDetailsTestCase - **** Starting SignInPageTest ****
12:32:22.585 [TestNG-tests-2] INFO  TestCase.UpcomingBikeDetailsTestCase - Verifying loginPage
12:32:42.670 [TestNG-tests-2] INFO  TestCase.UpcomingBikeDetailsTestCase - LoginPage verification failed!!
12:32:42.811 [TestNG-tests-1] INFO  TestCase.UpcomingBikeDetailsTestCase - **** Finished SignInPageTest ****
12:42:11.121 [TestNG-tests-1] INFO  TestCase.UpcomingBikeDetailsTestCase - **** Starting UpcomingBikeTest ****
12:42:11.137 [TestNG-tests-1] INFO  TestCase.UpcomingBikeDetailsTestCase - clicking on  New Bikes 
12:42:11.918 [TestNG-tests-1] INFO  TestCase.UpcomingBikeDetailsTestCase - **** Starting UpcomingBikeTest ****
12:42:11.935 [TestNG-tests-1] INFO  TestCase.UpcomingBikeDetailsTestCase - clicking on  New Bikes 
12:42:23.626 [TestNG-tests-1] INFO  TestCase.UpcomingBikeDetailsTestCase - **** Starting UpcomingBikeTest ****
12:42:23.649 [TestNG-tests-1] INFO  TestCase.UpcomingBikeDetailsTestCase - clicking on  New Bikes 
12:42:52.325 [TestNG-tests-1] INFO  TestCase.UpcomingBikeDetailsTestCase - **** Finished UpcomingBikeTest ****
12:42:53.789 [TestNG-tests-1] INFO  TestCase.UpcomingBikeDetailsTestCase - Starting used car testcase
12:42:56.653 [TestNG-tests-1] INFO  TestCase.UpcomingBikeDetailsTestCase - **** Finished UpcomingBikeTest ****
12:42:59.156 [TestNG-tests-1] INFO  TestCase.UpcomingBikeDetailsTestCase - Starting used car testcase
12:43:52.020 [TestNG-tests-1] INFO  TestCase.UpcomingBikeDetailsTestCase - **** Finished used car testcase ****
12:43:52.552 [TestNG-tests-1] INFO  TestCase.UpcomingBikeDetailsTestCase - **** Starting SignInPageTest ****
12:43:52.552 [TestNG-tests-1] INFO  TestCase.UpcomingBikeDetailsTestCase - Verifying loginPage
12:44:08.571 [TestNG-tests-1] INFO  TestCase.UpcomingBikeDetailsTestCase - **** Finished SignInPageTest ****
12:44:47.647 [TestNG-tests-1] INFO  TestCase.UpcomingBikeDetailsTestCase - Failed to click used cars in chennai
12:44:50.198 [TestNG-tests-1] INFO  TestCase.UpcomingBikeDetailsTestCase - Failed to click New Bikes
